2026-01-09 00:13:55.951  INFO 1 --- [main] c.r.f.FileExtensionBlockerApplication    : Starting FileExtensionBlockerApplication v0.0.1-SNAPSHOT using Java 17.0.17 with PID 1 (/app/app.jar started by root in /app)
2026-01-09 00:13:55.957 DEBUG 1 --- [main] c.r.f.FileExtensionBlockerApplication    : Running with Spring Boot v3.4.1, Spring v6.2.1
2026-01-09 00:13:55.957  INFO 1 --- [main] c.r.f.FileExtensionBlockerApplication    : The following 1 profile is active: "prod"
2026-01-09 00:13:56.290  INFO 1 --- [main] .s.d.r.c.RepositoryConfigurationDelegate : Bootstrapping Spring Data JPA repositories in DEFAULT mode.
2026-01-09 00:13:56.313  INFO 1 --- [main] .s.d.r.c.RepositoryConfigurationDelegate : Finished Spring Data repository scanning in 19 ms. Found 1 JPA repository interface.
2026-01-09 00:13:56.624  INFO 1 --- [main] o.s.b.w.embedded.tomcat.TomcatWebServer  : Tomcat initialized with port 8080 (http)
2026-01-09 00:13:56.635  INFO 1 --- [main] o.apache.catalina.core.StandardService   : Starting service [Tomcat]
2026-01-09 00:13:56.635  INFO 1 --- [main] o.apache.catalina.core.StandardEngine    : Starting Servlet engine: [Apache Tomcat/10.1.34]
2026-01-09 00:13:57.029  INFO 1 --- [main] org.apache.jasper.servlet.TldScanner     : At least one JAR was scanned for TLDs yet contained no TLDs. Enable debug logging for this logger for a complete list of JARs that were scanned but no TLDs were found in them. Skipping unneeded JARs during scanning can improve startup time and JSP compilation time.
2026-01-09 00:13:57.130  INFO 1 --- [main] o.a.c.c.C.[Tomcat].[localhost].[/]       : Initializing Spring embedded WebApplicationContext
2026-01-09 00:13:57.131  INFO 1 --- [main] w.s.c.ServletWebServerApplicationContext : Root WebApplicationContext: initialization completed in 1150 ms
2026-01-09 00:13:57.157 DEBUG 1 --- [main] c.r.f.filter.MdcFilter                   : Filter 'mdcFilter' configured for use
2026-01-09 00:13:57.231  INFO 1 --- [main] o.hibernate.jpa.internal.util.LogHelper  : HHH000204: Processing PersistenceUnitInfo [name: default]
2026-01-09 00:13:57.254  INFO 1 --- [main] org.hibernate.Version                    : HHH000412: Hibernate ORM core version 6.6.4.Final
2026-01-09 00:13:57.270  INFO 1 --- [main] o.h.c.internal.RegionFactoryInitiator    : HHH000026: Second-level cache disabled
2026-01-09 00:13:57.368  INFO 1 --- [main] o.s.o.j.p.SpringPersistenceUnitInfo      : No LoadTimeWeaver setup: ignoring JPA class transformer
2026-01-09 00:13:57.381  INFO 1 --- [main] com.zaxxer.hikari.HikariDataSource       : HikariPool-1 - Starting...
2026-01-09 00:13:57.476  INFO 1 --- [main] com.zaxxer.hikari.pool.HikariPool        : HikariPool-1 - Added connection com.mysql.cj.jdbc.ConnectionImpl@13ee97af
2026-01-09 00:13:57.477  INFO 1 --- [main] com.zaxxer.hikari.HikariDataSource       : HikariPool-1 - Start completed.
2026-01-09 00:13:57.514  INFO 1 --- [main] org.hibernate.orm.connections.pooling    : HHH10001005: Database info:
	Database JDBC URL [Connecting through datasource 'HikariDataSource (HikariPool-1)']
	Database driver: undefined/unknown
	Database version: 8.0.44
	Autocommit mode: undefined/unknown
	Isolation level: undefined/unknown
	Minimum pool size: undefined/unknown
	Maximum pool size: undefined/unknown
2026-01-09 00:13:57.815  INFO 1 --- [main] o.h.e.t.j.p.i.JtaPlatformInitiator       : HHH000489: No JTA platform available (set 'hibernate.transaction.jta.platform' to enable JTA platform integration)
2026-01-09 00:13:57.862  INFO 1 --- [main] j.LocalContainerEntityManagerFactoryBean : Initialized JPA EntityManagerFactory for persistence unit 'default'
2026-01-09 00:13:58.370  INFO 1 --- [main] o.s.b.w.embedded.tomcat.TomcatWebServer  : Tomcat started on port 8080 (http) with context path '/'
2026-01-09 00:13:58.379  INFO 1 --- [main] c.r.f.FileExtensionBlockerApplication    : Started FileExtensionBlockerApplication in 2.735 seconds (process running for 2.999)
2026-01-09 00:14:47.703  INFO 1 --- [http-nio-8080-exec-1] o.a.c.c.C.[Tomcat].[localhost].[/]       : Initializing Spring DispatcherServlet 'dispatcherServlet'
2026-01-09 00:14:47.704  INFO 1 --- [http-nio-8080-exec-1] o.s.web.servlet.DispatcherServlet        : Initializing Servlet 'dispatcherServlet'
2026-01-09 00:14:47.705  INFO 1 --- [http-nio-8080-exec-1] o.s.web.servlet.DispatcherServlet        : Completed initialization in 1 ms
2026-01-09 00:18:08.781  INFO 1 --- [http-nio-8080-exec-4] c.r.f.aop.LoggingAspect                  : [FileExtensionPolicyService] getFixedPolicies starts with args: []
2026-01-09 00:18:08.800  INFO 1 --- [http-nio-8080-exec-4] c.r.f.aop.LoggingAspect                  : [FileExtensionPolicyService] getFixedPolicies finished in 18ms
2026-01-09 00:18:08.801  INFO 1 --- [http-nio-8080-exec-4] c.r.f.aop.LoggingAspect                  : [FileExtensionPolicyService] getCustomPolicies starts with args: []
2026-01-09 00:18:08.804  INFO 1 --- [http-nio-8080-exec-4] c.r.f.aop.LoggingAspect                  : [FileExtensionPolicyService] getCustomPolicies finished in 2ms
2026-01-09 00:18:15.176  INFO 1 --- [http-nio-8080-exec-5] c.r.f.aop.LoggingAspect                  : [FileExtensionPolicyService] getFixedPolicies starts with args: []
2026-01-09 00:18:15.185  INFO 1 --- [http-nio-8080-exec-5] c.r.f.aop.LoggingAspect                  : [FileExtensionPolicyService] getFixedPolicies finished in 8ms
2026-01-09 00:18:15.188  INFO 1 --- [http-nio-8080-exec-5] c.r.f.aop.LoggingAspect                  : [FileExtensionPolicyService] getCustomPolicies starts with args: []
2026-01-09 00:18:15.192  INFO 1 --- [http-nio-8080-exec-5] c.r.f.aop.LoggingAspect                  : [FileExtensionPolicyService] getCustomPolicies finished in 3ms
2026-01-09 00:22:02.562  INFO 1 --- [SpringApplicationShutdownHook] o.s.b.w.e.tomcat.GracefulShutdown        : Commencing graceful shutdown. Waiting for active requests to complete
2026-01-09 00:22:02.565  INFO 1 --- [tomcat-shutdown] o.s.b.w.e.tomcat.GracefulShutdown        : Graceful shutdown complete
2026-01-09 00:22:02.569  INFO 1 --- [SpringApplicationShutdownHook] j.LocalContainerEntityManagerFactoryBean : Closing JPA EntityManagerFactory for persistence unit 'default'
2026-01-09 00:22:02.573  INFO 1 --- [SpringApplicationShutdownHook] com.zaxxer.hikari.HikariDataSource       : HikariPool-1 - Shutdown initiated...
2026-01-09 00:22:02.576  INFO 1 --- [SpringApplicationShutdownHook] com.zaxxer.hikari.HikariDataSource       : HikariPool-1 - Shutdown completed.
2026-01-09 00:27:53.004  INFO 1 --- [main] c.r.f.FileExtensionBlockerApplication    : Starting FileExtensionBlockerApplication v0.0.1-SNAPSHOT using Java 17.0.17 with PID 1 (/usr/local/tomcat/webapps/ROOT/WEB-INF/classes started by root in /usr/local/tomcat)
2026-01-09 00:27:53.005 DEBUG 1 --- [main] c.r.f.FileExtensionBlockerApplication    : Running with Spring Boot v3.4.1, Spring v6.2.1
2026-01-09 00:27:53.006  INFO 1 --- [main] c.r.f.FileExtensionBlockerApplication    : The following 1 profile is active: "prod"
2026-01-09 00:27:53.295  INFO 1 --- [main] .s.d.r.c.RepositoryConfigurationDelegate : Bootstrapping Spring Data JPA repositories in DEFAULT mode.
2026-01-09 00:27:53.330  INFO 1 --- [main] .s.d.r.c.RepositoryConfigurationDelegate : Finished Spring Data repository scanning in 30 ms. Found 1 JPA repository interface.
2026-01-09 00:27:53.510  INFO 1 --- [main] w.s.c.ServletWebServerApplicationContext : Root WebApplicationContext: initialization completed in 491 ms
2026-01-09 00:27:53.686  INFO 1 --- [main] o.hibernate.jpa.internal.util.LogHelper  : HHH000204: Processing PersistenceUnitInfo [name: default]
2026-01-09 00:27:53.715  INFO 1 --- [main] org.hibernate.Version                    : HHH000412: Hibernate ORM core version 6.6.4.Final
2026-01-09 00:27:53.733  INFO 1 --- [main] o.h.c.internal.RegionFactoryInitiator    : HHH000026: Second-level cache disabled
2026-01-09 00:27:53.872  INFO 1 --- [main] o.s.o.j.p.SpringPersistenceUnitInfo      : No LoadTimeWeaver setup: ignoring JPA class transformer
2026-01-09 00:27:53.887  INFO 1 --- [main] com.zaxxer.hikari.HikariDataSource       : HikariPool-1 - Starting...
2026-01-09 00:27:53.978  INFO 1 --- [main] com.zaxxer.hikari.pool.HikariPool        : HikariPool-1 - Added connection com.mysql.cj.jdbc.ConnectionImpl@40883ca7
2026-01-09 00:27:53.979  INFO 1 --- [main] com.zaxxer.hikari.HikariDataSource       : HikariPool-1 - Start completed.
2026-01-09 00:27:54.021  INFO 1 --- [main] org.hibernate.orm.connections.pooling    : HHH10001005: Database info:
	Database JDBC URL [Connecting through datasource 'HikariDataSource (HikariPool-1)']
	Database driver: undefined/unknown
	Database version: 8.0.44
	Autocommit mode: undefined/unknown
	Isolation level: undefined/unknown
	Minimum pool size: undefined/unknown
	Maximum pool size: undefined/unknown
2026-01-09 00:27:54.410  INFO 1 --- [main] o.h.e.t.j.p.i.JtaPlatformInitiator       : HHH000489: No JTA platform available (set 'hibernate.transaction.jta.platform' to enable JTA platform integration)
2026-01-09 00:27:54.440  INFO 1 --- [main] j.LocalContainerEntityManagerFactoryBean : Initialized JPA EntityManagerFactory for persistence unit 'default'
2026-01-09 00:27:54.985  INFO 1 --- [main] c.r.f.FileExtensionBlockerApplication    : Started FileExtensionBlockerApplication in 2.241 seconds (process running for 3.647)
2026-01-09 00:27:55.066 DEBUG 1 --- [main] c.r.f.filter.MdcFilter                   : Filter 'mdcFilter' configured for use
2026-01-09 00:27:55.112  INFO 1 --- [http-nio-8080-exec-2] o.s.web.servlet.DispatcherServlet        : Initializing Servlet 'dispatcherServlet'
2026-01-09 00:27:55.113  INFO 1 --- [http-nio-8080-exec-2] o.s.web.servlet.DispatcherServlet        : Completed initialization in 1 ms
2026-01-09 00:27:57.594  INFO 1 --- [http-nio-8080-exec-3] c.r.f.aop.LoggingAspect                  : [FileExtensionPolicyService] getFixedPolicies starts with args: []
2026-01-09 00:27:57.621  INFO 1 --- [http-nio-8080-exec-3] c.r.f.aop.LoggingAspect                  : [FileExtensionPolicyService] getFixedPolicies finished in 26ms
2026-01-09 00:27:57.623  INFO 1 --- [http-nio-8080-exec-3] c.r.f.aop.LoggingAspect                  : [FileExtensionPolicyService] getCustomPolicies starts with args: []
2026-01-09 00:27:57.626  INFO 1 --- [http-nio-8080-exec-3] c.r.f.aop.LoggingAspect                  : [FileExtensionPolicyService] getCustomPolicies finished in 3ms
2026-01-09 00:27:57.637 ERROR 1 --- [http-nio-8080-exec-3] o.s.b.w.servlet.support.ErrorPageFilter  : Forwarding to error page from request [/extensions] due to exception [jakarta/servlet/jsp/jstl/core/LoopTag]

java.lang.NoClassDefFoundError: jakarta/servlet/jsp/jstl/core/LoopTag
	at java.base/java.lang.ClassLoader.defineClass1(Native Method)
	at java.base/java.lang.ClassLoader.defineClass(ClassLoader.java:1017)
	at java.base/java.security.SecureClassLoader.defineClass(SecureClassLoader.java:150)
	at org.apache.catalina.loader.WebappClassLoaderBase.findClassInternal(WebappClassLoaderBase.java:2359)
	at org.apache.catalina.loader.WebappClassLoaderBase.findClassInternal(WebappClassLoaderBase.java:2224)
	at org.apache.catalina.loader.WebappClassLoaderBase.findClass(WebappClassLoaderBase.java:811)
	at org.apache.catalina.loader.WebappClassLoaderBase.loadClass(WebappClassLoaderBase.java:1338)
	at org.apache.catalina.loader.WebappClassLoaderBase.loadClass(WebappClassLoaderBase.java:1186)
	at org.apache.jasper.compiler.Parser.parseCustomTag(Parser.java:1151)
	at org.apache.jasper.compiler.Parser.parseElements(Parser.java:1371)
	at org.apache.jasper.compiler.Parser.parse(Parser.java:127)
	at org.apache.jasper.compiler.ParserController.doParse(ParserController.java:240)
	at org.apache.jasper.compiler.ParserController.parse(ParserController.java:103)
	at org.apache.jasper.compiler.Compiler.generateJava(Compiler.java:188)
	at org.apache.jasper.compiler.Compiler.compile(Compiler.java:361)
	at org.apache.jasper.compiler.Compiler.compile(Compiler.java:339)
	at org.apache.jasper.compiler.Compiler.compile(Compiler.java:325)
	at org.apache.jasper.JspCompilationContext.compile(JspCompilationContext.java:586)
	at org.apache.jasper.servlet.JspServletWrapper.service(JspServletWrapper.java:368)
	at org.apache.jasper.servlet.JspServlet.serviceJspFile(JspServlet.java:350)
	at org.apache.jasper.servlet.JspServlet.service(JspServlet.java:301)
	at jakarta.servlet.http.HttpServlet.service(HttpServlet.java:658)
	at org.apache.catalina.core.ApplicationFilterChain.internalDoFilter(ApplicationFilterChain.java:193)
	at org.apache.catalina.core.ApplicationFilterChain.doFilter(ApplicationFilterChain.java:138)
	at org.apache.tomcat.websocket.server.WsFilter.doFilter(WsFilter.java:51)
	at org.apache.catalina.core.ApplicationFilterChain.internalDoFilter(ApplicationFilterChain.java:162)
	at org.apache.catalina.core.ApplicationFilterChain.doFilter(ApplicationFilterChain.java:138)
	at org.springframework.web.filter.OncePerRequestFilter.doFilter(OncePerRequestFilter.java:110)
	at org.apache.catalina.core.ApplicationFilterChain.internalDoFilter(ApplicationFilterChain.java:162)
	at org.apache.catalina.core.ApplicationFilterChain.doFilter(ApplicationFilterChain.java:138)
	at org.springframework.web.filter.OncePerRequestFilter.doFilter(OncePerRequestFilter.java:110)
	at org.apache.catalina.core.ApplicationFilterChain.internalDoFilter(ApplicationFilterChain.java:162)
	at org.apache.catalina.core.ApplicationFilterChain.doFilter(ApplicationFilterChain.java:138)
	at org.springframework.web.filter.OncePerRequestFilter.doFilter(OncePerRequestFilter.java:110)
	at org.apache.catalina.core.ApplicationFilterChain.internalDoFilter(ApplicationFilterChain.java:162)
	at org.apache.catalina.core.ApplicationFilterChain.doFilter(ApplicationFilterChain.java:138)
	at org.springframework.web.filter.OncePerRequestFilter.doFilter(OncePerRequestFilter.java:110)
	at org.apache.catalina.core.ApplicationFilterChain.internalDoFilter(ApplicationFilterChain.java:162)
	at org.apache.catalina.core.ApplicationFilterChain.doFilter(ApplicationFilterChain.java:138)
	at org.apache.catalina.core.ApplicationDispatcher.invoke(ApplicationDispatcher.java:610)
	at org.apache.catalina.core.ApplicationDispatcher.processRequest(ApplicationDispatcher.java:392)
	at org.apache.catalina.core.ApplicationDispatcher.doForward(ApplicationDispatcher.java:321)
	at org.apache.catalina.core.ApplicationDispatcher.forward(ApplicationDispatcher.java:266)
	at org.springframework.web.servlet.view.InternalResourceView.renderMergedOutputModel(InternalResourceView.java:171)
	at org.springframework.web.servlet.view.AbstractView.render(AbstractView.java:314)
	at org.springframework.web.servlet.DispatcherServlet.render(DispatcherServlet.java:1435)
	at org.springframework.web.servlet.DispatcherServlet.processDispatchResult(DispatcherServlet.java:1167)
	at org.springframework.web.servlet.DispatcherServlet.doDispatch(DispatcherServlet.java:1105)
	at org.springframework.web.servlet.DispatcherServlet.doService(DispatcherServlet.java:978)
	at org.springframework.web.servlet.FrameworkServlet.processRequest(FrameworkServlet.java:1014)
	at org.springframework.web.servlet.FrameworkServlet.doGet(FrameworkServlet.java:903)
	at jakarta.servlet.http.HttpServlet.service(HttpServlet.java:564)
	at org.springframework.web.servlet.FrameworkServlet.service(FrameworkServlet.java:885)
	at jakarta.servlet.http.HttpServlet.service(HttpServlet.java:658)
	at org.apache.catalina.core.ApplicationFilterChain.internalDoFilter(ApplicationFilterChain.java:193)
	at org.apache.catalina.core.ApplicationFilterChain.doFilter(ApplicationFilterChain.java:138)
	at org.apache.tomcat.websocket.server.WsFilter.doFilter(WsFilter.java:51)
	at org.apache.catalina.core.ApplicationFilterChain.internalDoFilter(ApplicationFilterChain.java:162)
	at org.apache.catalina.core.ApplicationFilterChain.doFilter(ApplicationFilterChain.java:138)
	at com.regular.fileextensionblocker.filter.MdcFilter.doFilterInternal(MdcFilter.java:29)
	at org.springframework.web.filter.OncePerRequestFilter.doFilter(OncePerRequestFilter.java:116)
	at org.apache.catalina.core.ApplicationFilterChain.internalDoFilter(ApplicationFilterChain.java:162)
	at org.apache.catalina.core.ApplicationFilterChain.doFilter(ApplicationFilterChain.java:138)
	at org.springframework.web.filter.RequestContextFilter.doFilterInternal(RequestContextFilter.java:100)
	at org.springframework.web.filter.OncePerRequestFilter.doFilter(OncePerRequestFilter.java:116)
	at org.apache.catalina.core.ApplicationFilterChain.internalDoFilter(ApplicationFilterChain.java:162)
	at org.apache.catalina.core.ApplicationFilterChain.doFilter(ApplicationFilterChain.java:138)
	at org.springframework.web.filter.FormContentFilter.doFilterInternal(FormContentFilter.java:93)
	at org.springframework.web.filter.OncePerRequestFilter.doFilter(OncePerRequestFilter.java:116)
	at org.apache.catalina.core.ApplicationFilterChain.internalDoFilter(ApplicationFilterChain.java:162)
	at org.apache.catalina.core.ApplicationFilterChain.doFilter(ApplicationFilterChain.java:138)
	at org.springframework.boot.web.servlet.support.ErrorPageFilter.doFilter(ErrorPageFilter.java:124)
	at org.springframework.boot.web.servlet.support.ErrorPageFilter$1.doFilterInternal(ErrorPageFilter.java:99)
	at org.springframework.web.filter.OncePerRequestFilter.doFilter(OncePerRequestFilter.java:116)
	at org.springframework.boot.web.servlet.support.ErrorPageFilter.doFilter(ErrorPageFilter.java:117)
	at org.apache.catalina.core.ApplicationFilterChain.internalDoFilter(ApplicationFilterChain.java:162)
	at org.apache.catalina.core.ApplicationFilterChain.doFilter(ApplicationFilterChain.java:138)
	at org.springframework.web.filter.CharacterEncodingFilter.doFilterInternal(CharacterEncodingFilter.java:201)
	at org.springframework.web.filter.OncePerRequestFilter.doFilter(OncePerRequestFilter.java:116)
	at org.apache.catalina.core.ApplicationFilterChain.internalDoFilter(ApplicationFilterChain.java:162)
	at org.apache.catalina.core.ApplicationFilterChain.doFilter(ApplicationFilterChain.java:138)
	at org.apache.catalina.core.StandardWrapperValve.invoke(StandardWrapperValve.java:165)
	at org.apache.catalina.core.StandardContextValve.invoke(StandardContextValve.java:88)
	at org.apache.catalina.authenticator.AuthenticatorBase.invoke(AuthenticatorBase.java:482)
	at org.apache.catalina.core.StandardHostValve.invoke(StandardHostValve.java:113)
	at org.apache.catalina.valves.ErrorReportValve.invoke(ErrorReportValve.java:83)
	at org.apache.catalina.valves.AbstractAccessLogValve.invoke(AbstractAccessLogValve.java:654)
	at org.apache.catalina.core.StandardEngineValve.invoke(StandardEngineValve.java:72)
	at org.apache.catalina.connector.CoyoteAdapter.service(CoyoteAdapter.java:342)
	at org.apache.coyote.http11.Http11Processor.service(Http11Processor.java:399)
	at org.apache.coyote.AbstractProcessorLight.process(AbstractProcessorLight.java:63)
	at org.apache.coyote.AbstractProtocol$ConnectionHandler.process(AbstractProtocol.java:903)
	at org.apache.tomcat.util.net.NioEndpoint$SocketProcessor.doRun(NioEndpoint.java:1774)
	at org.apache.tomcat.util.net.SocketProcessorBase.run(SocketProcessorBase.java:52)
	at org.apache.tomcat.util.threads.ThreadPoolExecutor.runWorker(ThreadPoolExecutor.java:973)
	at org.apache.tomcat.util.threads.ThreadPoolExecutor$Worker.run(ThreadPoolExecutor.java:491)
	at org.apache.tomcat.util.threads.TaskThread$WrappingRunnable.run(TaskThread.java:63)
	at java.base/java.lang.Thread.run(Thread.java:840)
Caused by: java.lang.ClassNotFoundException: jakarta.servlet.jsp.jstl.core.LoopTag
	at org.apache.catalina.loader.WebappClassLoaderBase.loadClass(WebappClassLoaderBase.java:1377)
	at org.apache.catalina.loader.WebappClassLoaderBase.loadClass(WebappClassLoaderBase.java:1186)
	... 98 common frames omitted

2026-01-09 00:33:00.274  INFO 1 --- [http-nio-8080-exec-5] c.r.f.aop.LoggingAspect                  : [FileExtensionPolicyService] getFixedPolicies starts with args: []
2026-01-09 00:33:00.285  INFO 1 --- [http-nio-8080-exec-5] c.r.f.aop.LoggingAspect                  : [FileExtensionPolicyService] getFixedPolicies finished in 10ms
2026-01-09 00:33:00.287  INFO 1 --- [http-nio-8080-exec-5] c.r.f.aop.LoggingAspect                  : [FileExtensionPolicyService] getCustomPolicies starts with args: []
2026-01-09 00:33:00.289  INFO 1 --- [http-nio-8080-exec-5] c.r.f.aop.LoggingAspect                  : [FileExtensionPolicyService] getCustomPolicies finished in 2ms
2026-01-09 00:33:00.311 ERROR 1 --- [http-nio-8080-exec-5] o.s.b.w.servlet.support.ErrorPageFilter  : Forwarding to error page from request [/extensions] due to exception [jakarta/servlet/jsp/jstl/core/LoopTag]

java.lang.NoClassDefFoundError: jakarta/servlet/jsp/jstl/core/LoopTag
	at java.base/java.lang.ClassLoader.defineClass1(Native Method)
	at java.base/java.lang.ClassLoader.defineClass(ClassLoader.java:1017)
	at java.base/java.security.SecureClassLoader.defineClass(SecureClassLoader.java:150)
	at org.apache.catalina.loader.WebappClassLoaderBase.findClassInternal(WebappClassLoaderBase.java:2359)
	at org.apache.catalina.loader.WebappClassLoaderBase.findClassInternal(WebappClassLoaderBase.java:2224)
	at org.apache.catalina.loader.WebappClassLoaderBase.findClass(WebappClassLoaderBase.java:811)
	at org.apache.catalina.loader.WebappClassLoaderBase.loadClass(WebappClassLoaderBase.java:1338)
	at org.apache.catalina.loader.WebappClassLoaderBase.loadClass(WebappClassLoaderBase.java:1186)
	at org.apache.jasper.compiler.Parser.parseCustomTag(Parser.java:1151)
	at org.apache.jasper.compiler.Parser.parseElements(Parser.java:1371)
	at org.apache.jasper.compiler.Parser.parse(Parser.java:127)
	at org.apache.jasper.compiler.ParserController.doParse(ParserController.java:240)
	at org.apache.jasper.compiler.ParserController.parse(ParserController.java:103)
	at org.apache.jasper.compiler.Compiler.generateJava(Compiler.java:188)
	at org.apache.jasper.compiler.Compiler.compile(Compiler.java:361)
	at org.apache.jasper.compiler.Compiler.compile(Compiler.java:339)
	at org.apache.jasper.compiler.Compiler.compile(Compiler.java:325)
	at org.apache.jasper.JspCompilationContext.compile(JspCompilationContext.java:586)
	at org.apache.jasper.servlet.JspServletWrapper.service(JspServletWrapper.java:368)
	at org.apache.jasper.servlet.JspServlet.serviceJspFile(JspServlet.java:350)
	at org.apache.jasper.servlet.JspServlet.service(JspServlet.java:301)
	at jakarta.servlet.http.HttpServlet.service(HttpServlet.java:658)
	at org.apache.catalina.core.ApplicationFilterChain.internalDoFilter(ApplicationFilterChain.java:193)
	at org.apache.catalina.core.ApplicationFilterChain.doFilter(ApplicationFilterChain.java:138)
	at org.apache.tomcat.websocket.server.WsFilter.doFilter(WsFilter.java:51)
	at org.apache.catalina.core.ApplicationFilterChain.internalDoFilter(ApplicationFilterChain.java:162)
	at org.apache.catalina.core.ApplicationFilterChain.doFilter(ApplicationFilterChain.java:138)
	at org.springframework.web.filter.OncePerRequestFilter.doFilter(OncePerRequestFilter.java:110)
	at org.apache.catalina.core.ApplicationFilterChain.internalDoFilter(ApplicationFilterChain.java:162)
	at org.apache.catalina.core.ApplicationFilterChain.doFilter(ApplicationFilterChain.java:138)
	at org.springframework.web.filter.OncePerRequestFilter.doFilter(OncePerRequestFilter.java:110)
	at org.apache.catalina.core.ApplicationFilterChain.internalDoFilter(ApplicationFilterChain.java:162)
	at org.apache.catalina.core.ApplicationFilterChain.doFilter(ApplicationFilterChain.java:138)
	at org.springframework.web.filter.OncePerRequestFilter.doFilter(OncePerRequestFilter.java:110)
	at org.apache.catalina.core.ApplicationFilterChain.internalDoFilter(ApplicationFilterChain.java:162)
	at org.apache.catalina.core.ApplicationFilterChain.doFilter(ApplicationFilterChain.java:138)
	at org.springframework.web.filter.OncePerRequestFilter.doFilter(OncePerRequestFilter.java:110)
	at org.apache.catalina.core.ApplicationFilterChain.internalDoFilter(ApplicationFilterChain.java:162)
	at org.apache.catalina.core.ApplicationFilterChain.doFilter(ApplicationFilterChain.java:138)
	at org.apache.catalina.core.ApplicationDispatcher.invoke(ApplicationDispatcher.java:610)
	at org.apache.catalina.core.ApplicationDispatcher.processRequest(ApplicationDispatcher.java:392)
	at org.apache.catalina.core.ApplicationDispatcher.doForward(ApplicationDispatcher.java:321)
	at org.apache.catalina.core.ApplicationDispatcher.forward(ApplicationDispatcher.java:266)
	at org.springframework.web.servlet.view.InternalResourceView.renderMergedOutputModel(InternalResourceView.java:171)
	at org.springframework.web.servlet.view.AbstractView.render(AbstractView.java:314)
	at org.springframework.web.servlet.DispatcherServlet.render(DispatcherServlet.java:1435)
	at org.springframework.web.servlet.DispatcherServlet.processDispatchResult(DispatcherServlet.java:1167)
	at org.springframework.web.servlet.DispatcherServlet.doDispatch(DispatcherServlet.java:1105)
	at org.springframework.web.servlet.DispatcherServlet.doService(DispatcherServlet.java:978)
	at org.springframework.web.servlet.FrameworkServlet.processRequest(FrameworkServlet.java:1014)
	at org.springframework.web.servlet.FrameworkServlet.doGet(FrameworkServlet.java:903)
	at jakarta.servlet.http.HttpServlet.service(HttpServlet.java:564)
	at org.springframework.web.servlet.FrameworkServlet.service(FrameworkServlet.java:885)
	at jakarta.servlet.http.HttpServlet.service(HttpServlet.java:658)
	at org.apache.catalina.core.ApplicationFilterChain.internalDoFilter(ApplicationFilterChain.java:193)
	at org.apache.catalina.core.ApplicationFilterChain.doFilter(ApplicationFilterChain.java:138)
	at org.apache.tomcat.websocket.server.WsFilter.doFilter(WsFilter.java:51)
	at org.apache.catalina.core.ApplicationFilterChain.internalDoFilter(ApplicationFilterChain.java:162)
	at org.apache.catalina.core.ApplicationFilterChain.doFilter(ApplicationFilterChain.java:138)
	at com.regular.fileextensionblocker.filter.MdcFilter.doFilterInternal(MdcFilter.java:29)
	at org.springframework.web.filter.OncePerRequestFilter.doFilter(OncePerRequestFilter.java:116)
	at org.apache.catalina.core.ApplicationFilterChain.internalDoFilter(ApplicationFilterChain.java:162)
	at org.apache.catalina.core.ApplicationFilterChain.doFilter(ApplicationFilterChain.java:138)
	at org.springframework.web.filter.RequestContextFilter.doFilterInternal(RequestContextFilter.java:100)
	at org.springframework.web.filter.OncePerRequestFilter.doFilter(OncePerRequestFilter.java:116)
	at org.apache.catalina.core.ApplicationFilterChain.internalDoFilter(ApplicationFilterChain.java:162)
	at org.apache.catalina.core.ApplicationFilterChain.doFilter(ApplicationFilterChain.java:138)
	at org.springframework.web.filter.FormContentFilter.doFilterInternal(FormContentFilter.java:93)
	at org.springframework.web.filter.OncePerRequestFilter.doFilter(OncePerRequestFilter.java:116)
	at org.apache.catalina.core.ApplicationFilterChain.internalDoFilter(ApplicationFilterChain.java:162)
	at org.apache.catalina.core.ApplicationFilterChain.doFilter(ApplicationFilterChain.java:138)
	at org.springframework.boot.web.servlet.support.ErrorPageFilter.doFilter(ErrorPageFilter.java:124)
	at org.springframework.boot.web.servlet.support.ErrorPageFilter$1.doFilterInternal(ErrorPageFilter.java:99)
	at org.springframework.web.filter.OncePerRequestFilter.doFilter(OncePerRequestFilter.java:116)
	at org.springframework.boot.web.servlet.support.ErrorPageFilter.doFilter(ErrorPageFilter.java:117)
	at org.apache.catalina.core.ApplicationFilterChain.internalDoFilter(ApplicationFilterChain.java:162)
	at org.apache.catalina.core.ApplicationFilterChain.doFilter(ApplicationFilterChain.java:138)
	at org.springframework.web.filter.CharacterEncodingFilter.doFilterInternal(CharacterEncodingFilter.java:201)
	at org.springframework.web.filter.OncePerRequestFilter.doFilter(OncePerRequestFilter.java:116)
	at org.apache.catalina.core.ApplicationFilterChain.internalDoFilter(ApplicationFilterChain.java:162)
	at org.apache.catalina.core.ApplicationFilterChain.doFilter(ApplicationFilterChain.java:138)
	at org.apache.catalina.core.StandardWrapperValve.invoke(StandardWrapperValve.java:165)
	at org.apache.catalina.core.StandardContextValve.invoke(StandardContextValve.java:88)
	at org.apache.catalina.authenticator.AuthenticatorBase.invoke(AuthenticatorBase.java:482)
	at org.apache.catalina.core.StandardHostValve.invoke(StandardHostValve.java:113)
	at org.apache.catalina.valves.ErrorReportValve.invoke(ErrorReportValve.java:83)
	at org.apache.catalina.valves.AbstractAccessLogValve.invoke(AbstractAccessLogValve.java:654)
	at org.apache.catalina.core.StandardEngineValve.invoke(StandardEngineValve.java:72)
	at org.apache.catalina.connector.CoyoteAdapter.service(CoyoteAdapter.java:342)
	at org.apache.coyote.http11.Http11Processor.service(Http11Processor.java:399)
	at org.apache.coyote.AbstractProcessorLight.process(AbstractProcessorLight.java:63)
	at org.apache.coyote.AbstractProtocol$ConnectionHandler.process(AbstractProtocol.java:903)
	at org.apache.tomcat.util.net.NioEndpoint$SocketProcessor.doRun(NioEndpoint.java:1774)
	at org.apache.tomcat.util.net.SocketProcessorBase.run(SocketProcessorBase.java:52)
	at org.apache.tomcat.util.threads.ThreadPoolExecutor.runWorker(ThreadPoolExecutor.java:973)
	at org.apache.tomcat.util.threads.ThreadPoolExecutor$Worker.run(ThreadPoolExecutor.java:491)
	at org.apache.tomcat.util.threads.TaskThread$WrappingRunnable.run(TaskThread.java:63)
	at java.base/java.lang.Thread.run(Thread.java:840)
Caused by: java.lang.ClassNotFoundException: jakarta.servlet.jsp.jstl.core.LoopTag
	at org.apache.catalina.loader.WebappClassLoaderBase.loadClass(WebappClassLoaderBase.java:1377)
	at org.apache.catalina.loader.WebappClassLoaderBase.loadClass(WebappClassLoaderBase.java:1186)
	... 98 common frames omitted

2026-01-09 00:33:21.116  INFO 1 --- [http-nio-8080-exec-7] c.r.f.aop.LoggingAspect                  : [FileExtensionPolicyService] getFixedPolicies starts with args: []
2026-01-09 00:33:21.123  INFO 1 --- [http-nio-8080-exec-7] c.r.f.aop.LoggingAspect                  : [FileExtensionPolicyService] getFixedPolicies finished in 6ms
2026-01-09 00:33:21.126  INFO 1 --- [http-nio-8080-exec-7] c.r.f.aop.LoggingAspect                  : [FileExtensionPolicyService] getCustomPolicies starts with args: []
2026-01-09 00:33:21.130  INFO 1 --- [http-nio-8080-exec-7] c.r.f.aop.LoggingAspect                  : [FileExtensionPolicyService] getCustomPolicies finished in 3ms
2026-01-09 00:33:21.143 ERROR 1 --- [http-nio-8080-exec-7] o.s.b.w.servlet.support.ErrorPageFilter  : Forwarding to error page from request [/extensions] due to exception [jakarta/servlet/jsp/jstl/core/LoopTag]

java.lang.NoClassDefFoundError: jakarta/servlet/jsp/jstl/core/LoopTag
	at java.base/java.lang.ClassLoader.defineClass1(Native Method)
	at java.base/java.lang.ClassLoader.defineClass(ClassLoader.java:1017)
	at java.base/java.security.SecureClassLoader.defineClass(SecureClassLoader.java:150)
	at org.apache.catalina.loader.WebappClassLoaderBase.findClassInternal(WebappClassLoaderBase.java:2359)
	at org.apache.catalina.loader.WebappClassLoaderBase.findClassInternal(WebappClassLoaderBase.java:2224)
	at org.apache.catalina.loader.WebappClassLoaderBase.findClass(WebappClassLoaderBase.java:811)
	at org.apache.catalina.loader.WebappClassLoaderBase.loadClass(WebappClassLoaderBase.java:1338)
	at org.apache.catalina.loader.WebappClassLoaderBase.loadClass(WebappClassLoaderBase.java:1186)
	at org.apache.jasper.compiler.Parser.parseCustomTag(Parser.java:1151)
	at org.apache.jasper.compiler.Parser.parseElements(Parser.java:1371)
	at org.apache.jasper.compiler.Parser.parse(Parser.java:127)
	at org.apache.jasper.compiler.ParserController.doParse(ParserController.java:240)
	at org.apache.jasper.compiler.ParserController.parse(ParserController.java:103)
	at org.apache.jasper.compiler.Compiler.generateJava(Compiler.java:188)
	at org.apache.jasper.compiler.Compiler.compile(Compiler.java:361)
	at org.apache.jasper.compiler.Compiler.compile(Compiler.java:339)
	at org.apache.jasper.compiler.Compiler.compile(Compiler.java:325)
	at org.apache.jasper.JspCompilationContext.compile(JspCompilationContext.java:586)
	at org.apache.jasper.servlet.JspServletWrapper.service(JspServletWrapper.java:368)
	at org.apache.jasper.servlet.JspServlet.serviceJspFile(JspServlet.java:350)
	at org.apache.jasper.servlet.JspServlet.service(JspServlet.java:301)
	at jakarta.servlet.http.HttpServlet.service(HttpServlet.java:658)
	at org.apache.catalina.core.ApplicationFilterChain.internalDoFilter(ApplicationFilterChain.java:193)
	at org.apache.catalina.core.ApplicationFilterChain.doFilter(ApplicationFilterChain.java:138)
	at org.apache.tomcat.websocket.server.WsFilter.doFilter(WsFilter.java:51)
	at org.apache.catalina.core.ApplicationFilterChain.internalDoFilter(ApplicationFilterChain.java:162)
	at org.apache.catalina.core.ApplicationFilterChain.doFilter(ApplicationFilterChain.java:138)
	at org.springframework.web.filter.OncePerRequestFilter.doFilter(OncePerRequestFilter.java:110)
	at org.apache.catalina.core.ApplicationFilterChain.internalDoFilter(ApplicationFilterChain.java:162)
	at org.apache.catalina.core.ApplicationFilterChain.doFilter(ApplicationFilterChain.java:138)
	at org.springframework.web.filter.OncePerRequestFilter.doFilter(OncePerRequestFilter.java:110)
	at org.apache.catalina.core.ApplicationFilterChain.internalDoFilter(ApplicationFilterChain.java:162)
	at org.apache.catalina.core.ApplicationFilterChain.doFilter(ApplicationFilterChain.java:138)
	at org.springframework.web.filter.OncePerRequestFilter.doFilter(OncePerRequestFilter.java:110)
	at org.apache.catalina.core.ApplicationFilterChain.internalDoFilter(ApplicationFilterChain.java:162)
	at org.apache.catalina.core.ApplicationFilterChain.doFilter(ApplicationFilterChain.java:138)
	at org.springframework.web.filter.OncePerRequestFilter.doFilter(OncePerRequestFilter.java:110)
	at org.apache.catalina.core.ApplicationFilterChain.internalDoFilter(ApplicationFilterChain.java:162)
	at org.apache.catalina.core.ApplicationFilterChain.doFilter(ApplicationFilterChain.java:138)
	at org.apache.catalina.core.ApplicationDispatcher.invoke(ApplicationDispatcher.java:610)
	at org.apache.catalina.core.ApplicationDispatcher.processRequest(ApplicationDispatcher.java:392)
	at org.apache.catalina.core.ApplicationDispatcher.doForward(ApplicationDispatcher.java:321)
	at org.apache.catalina.core.ApplicationDispatcher.forward(ApplicationDispatcher.java:266)
	at org.springframework.web.servlet.view.InternalResourceView.renderMergedOutputModel(InternalResourceView.java:171)
	at org.springframework.web.servlet.view.AbstractView.render(AbstractView.java:314)
	at org.springframework.web.servlet.DispatcherServlet.render(DispatcherServlet.java:1435)
	at org.springframework.web.servlet.DispatcherServlet.processDispatchResult(DispatcherServlet.java:1167)
	at org.springframework.web.servlet.DispatcherServlet.doDispatch(DispatcherServlet.java:1105)
	at org.springframework.web.servlet.DispatcherServlet.doService(DispatcherServlet.java:978)
	at org.springframework.web.servlet.FrameworkServlet.processRequest(FrameworkServlet.java:1014)
	at org.springframework.web.servlet.FrameworkServlet.doGet(FrameworkServlet.java:903)
	at jakarta.servlet.http.HttpServlet.service(HttpServlet.java:564)
	at org.springframework.web.servlet.FrameworkServlet.service(FrameworkServlet.java:885)
	at jakarta.servlet.http.HttpServlet.service(HttpServlet.java:658)
	at org.apache.catalina.core.ApplicationFilterChain.internalDoFilter(ApplicationFilterChain.java:193)
	at org.apache.catalina.core.ApplicationFilterChain.doFilter(ApplicationFilterChain.java:138)
	at org.apache.tomcat.websocket.server.WsFilter.doFilter(WsFilter.java:51)
	at org.apache.catalina.core.ApplicationFilterChain.internalDoFilter(ApplicationFilterChain.java:162)
	at org.apache.catalina.core.ApplicationFilterChain.doFilter(ApplicationFilterChain.java:138)
	at com.regular.fileextensionblocker.filter.MdcFilter.doFilterInternal(MdcFilter.java:29)
	at org.springframework.web.filter.OncePerRequestFilter.doFilter(OncePerRequestFilter.java:116)
	at org.apache.catalina.core.ApplicationFilterChain.internalDoFilter(ApplicationFilterChain.java:162)
	at org.apache.catalina.core.ApplicationFilterChain.doFilter(ApplicationFilterChain.java:138)
	at org.springframework.web.filter.RequestContextFilter.doFilterInternal(RequestContextFilter.java:100)
	at org.springframework.web.filter.OncePerRequestFilter.doFilter(OncePerRequestFilter.java:116)
	at org.apache.catalina.core.ApplicationFilterChain.internalDoFilter(ApplicationFilterChain.java:162)
	at org.apache.catalina.core.ApplicationFilterChain.doFilter(ApplicationFilterChain.java:138)
	at org.springframework.web.filter.FormContentFilter.doFilterInternal(FormContentFilter.java:93)
	at org.springframework.web.filter.OncePerRequestFilter.doFilter(OncePerRequestFilter.java:116)
	at org.apache.catalina.core.ApplicationFilterChain.internalDoFilter(ApplicationFilterChain.java:162)
	at org.apache.catalina.core.ApplicationFilterChain.doFilter(ApplicationFilterChain.java:138)
	at org.springframework.boot.web.servlet.support.ErrorPageFilter.doFilter(ErrorPageFilter.java:124)
	at org.springframework.boot.web.servlet.support.ErrorPageFilter$1.doFilterInternal(ErrorPageFilter.java:99)
	at org.springframework.web.filter.OncePerRequestFilter.doFilter(OncePerRequestFilter.java:116)
	at org.springframework.boot.web.servlet.support.ErrorPageFilter.doFilter(ErrorPageFilter.java:117)
	at org.apache.catalina.core.ApplicationFilterChain.internalDoFilter(ApplicationFilterChain.java:162)
	at org.apache.catalina.core.ApplicationFilterChain.doFilter(ApplicationFilterChain.java:138)
	at org.springframework.web.filter.CharacterEncodingFilter.doFilterInternal(CharacterEncodingFilter.java:201)
	at org.springframework.web.filter.OncePerRequestFilter.doFilter(OncePerRequestFilter.java:116)
	at org.apache.catalina.core.ApplicationFilterChain.internalDoFilter(ApplicationFilterChain.java:162)
	at org.apache.catalina.core.ApplicationFilterChain.doFilter(ApplicationFilterChain.java:138)
	at org.apache.catalina.core.StandardWrapperValve.invoke(StandardWrapperValve.java:165)
	at org.apache.catalina.core.StandardContextValve.invoke(StandardContextValve.java:88)
	at org.apache.catalina.authenticator.AuthenticatorBase.invoke(AuthenticatorBase.java:482)
	at org.apache.catalina.core.StandardHostValve.invoke(StandardHostValve.java:113)
	at org.apache.catalina.valves.ErrorReportValve.invoke(ErrorReportValve.java:83)
	at org.apache.catalina.valves.AbstractAccessLogValve.invoke(AbstractAccessLogValve.java:654)
	at org.apache.catalina.core.StandardEngineValve.invoke(StandardEngineValve.java:72)
	at org.apache.catalina.connector.CoyoteAdapter.service(CoyoteAdapter.java:342)
	at org.apache.coyote.http11.Http11Processor.service(Http11Processor.java:399)
	at org.apache.coyote.AbstractProcessorLight.process(AbstractProcessorLight.java:63)
	at org.apache.coyote.AbstractProtocol$ConnectionHandler.process(AbstractProtocol.java:903)
	at org.apache.tomcat.util.net.NioEndpoint$SocketProcessor.doRun(NioEndpoint.java:1774)
	at org.apache.tomcat.util.net.SocketProcessorBase.run(SocketProcessorBase.java:52)
	at org.apache.tomcat.util.threads.ThreadPoolExecutor.runWorker(ThreadPoolExecutor.java:973)
	at org.apache.tomcat.util.threads.ThreadPoolExecutor$Worker.run(ThreadPoolExecutor.java:491)
	at org.apache.tomcat.util.threads.TaskThread$WrappingRunnable.run(TaskThread.java:63)
	at java.base/java.lang.Thread.run(Thread.java:840)
Caused by: java.lang.ClassNotFoundException: jakarta.servlet.jsp.jstl.core.LoopTag
	at org.apache.catalina.loader.WebappClassLoaderBase.loadClass(WebappClassLoaderBase.java:1377)
	at org.apache.catalina.loader.WebappClassLoaderBase.loadClass(WebappClassLoaderBase.java:1186)
	... 98 common frames omitted

2026-01-09 00:40:17.053  INFO 1 --- [http-nio-8080-exec-9] c.r.f.aop.LoggingAspect                  : [FileExtensionPolicyService] getFixedPolicies starts with args: []
2026-01-09 00:40:17.068  INFO 1 --- [http-nio-8080-exec-9] c.r.f.aop.LoggingAspect                  : [FileExtensionPolicyService] getFixedPolicies finished in 13ms
2026-01-09 00:40:17.071  INFO 1 --- [http-nio-8080-exec-9] c.r.f.aop.LoggingAspect                  : [FileExtensionPolicyService] getCustomPolicies starts with args: []
2026-01-09 00:40:17.073  INFO 1 --- [http-nio-8080-exec-9] c.r.f.aop.LoggingAspect                  : [FileExtensionPolicyService] getCustomPolicies finished in 2ms
2026-01-09 00:40:17.089 ERROR 1 --- [http-nio-8080-exec-9] o.s.b.w.servlet.support.ErrorPageFilter  : Forwarding to error page from request [/extensions] due to exception [jakarta/servlet/jsp/jstl/core/LoopTag]

java.lang.NoClassDefFoundError: jakarta/servlet/jsp/jstl/core/LoopTag
	at java.base/java.lang.ClassLoader.defineClass1(Native Method)
	at java.base/java.lang.ClassLoader.defineClass(ClassLoader.java:1017)
	at java.base/java.security.SecureClassLoader.defineClass(SecureClassLoader.java:150)
	at org.apache.catalina.loader.WebappClassLoaderBase.findClassInternal(WebappClassLoaderBase.java:2359)
	at org.apache.catalina.loader.WebappClassLoaderBase.findClassInternal(WebappClassLoaderBase.java:2224)
	at org.apache.catalina.loader.WebappClassLoaderBase.findClass(WebappClassLoaderBase.java:811)
	at org.apache.catalina.loader.WebappClassLoaderBase.loadClass(WebappClassLoaderBase.java:1338)
	at org.apache.catalina.loader.WebappClassLoaderBase.loadClass(WebappClassLoaderBase.java:1186)
	at org.apache.jasper.compiler.Parser.parseCustomTag(Parser.java:1151)
	at org.apache.jasper.compiler.Parser.parseElements(Parser.java:1371)
	at org.apache.jasper.compiler.Parser.parse(Parser.java:127)
	at org.apache.jasper.compiler.ParserController.doParse(ParserController.java:240)
	at org.apache.jasper.compiler.ParserController.parse(ParserController.java:103)
	at org.apache.jasper.compiler.Compiler.generateJava(Compiler.java:188)
	at org.apache.jasper.compiler.Compiler.compile(Compiler.java:361)
	at org.apache.jasper.compiler.Compiler.compile(Compiler.java:339)
	at org.apache.jasper.compiler.Compiler.compile(Compiler.java:325)
	at org.apache.jasper.JspCompilationContext.compile(JspCompilationContext.java:586)
	at org.apache.jasper.servlet.JspServletWrapper.service(JspServletWrapper.java:368)
	at org.apache.jasper.servlet.JspServlet.serviceJspFile(JspServlet.java:350)
	at org.apache.jasper.servlet.JspServlet.service(JspServlet.java:301)
	at jakarta.servlet.http.HttpServlet.service(HttpServlet.java:658)
	at org.apache.catalina.core.ApplicationFilterChain.internalDoFilter(ApplicationFilterChain.java:193)
	at org.apache.catalina.core.ApplicationFilterChain.doFilter(ApplicationFilterChain.java:138)
	at org.apache.tomcat.websocket.server.WsFilter.doFilter(WsFilter.java:51)
	at org.apache.catalina.core.ApplicationFilterChain.internalDoFilter(ApplicationFilterChain.java:162)
	at org.apache.catalina.core.ApplicationFilterChain.doFilter(ApplicationFilterChain.java:138)
	at org.springframework.web.filter.OncePerRequestFilter.doFilter(OncePerRequestFilter.java:110)
	at org.apache.catalina.core.ApplicationFilterChain.internalDoFilter(ApplicationFilterChain.java:162)
	at org.apache.catalina.core.ApplicationFilterChain.doFilter(ApplicationFilterChain.java:138)
	at org.springframework.web.filter.OncePerRequestFilter.doFilter(OncePerRequestFilter.java:110)
	at org.apache.catalina.core.ApplicationFilterChain.internalDoFilter(ApplicationFilterChain.java:162)
	at org.apache.catalina.core.ApplicationFilterChain.doFilter(ApplicationFilterChain.java:138)
	at org.springframework.web.filter.OncePerRequestFilter.doFilter(OncePerRequestFilter.java:110)
	at org.apache.catalina.core.ApplicationFilterChain.internalDoFilter(ApplicationFilterChain.java:162)
	at org.apache.catalina.core.ApplicationFilterChain.doFilter(ApplicationFilterChain.java:138)
	at org.springframework.web.filter.OncePerRequestFilter.doFilter(OncePerRequestFilter.java:110)
	at org.apache.catalina.core.ApplicationFilterChain.internalDoFilter(ApplicationFilterChain.java:162)
	at org.apache.catalina.core.ApplicationFilterChain.doFilter(ApplicationFilterChain.java:138)
	at org.apache.catalina.core.ApplicationDispatcher.invoke(ApplicationDispatcher.java:610)
	at org.apache.catalina.core.ApplicationDispatcher.processRequest(ApplicationDispatcher.java:392)
	at org.apache.catalina.core.ApplicationDispatcher.doForward(ApplicationDispatcher.java:321)
	at org.apache.catalina.core.ApplicationDispatcher.forward(ApplicationDispatcher.java:266)
	at org.springframework.web.servlet.view.InternalResourceView.renderMergedOutputModel(InternalResourceView.java:171)
	at org.springframework.web.servlet.view.AbstractView.render(AbstractView.java:314)
	at org.springframework.web.servlet.DispatcherServlet.render(DispatcherServlet.java:1435)
	at org.springframework.web.servlet.DispatcherServlet.processDispatchResult(DispatcherServlet.java:1167)
	at org.springframework.web.servlet.DispatcherServlet.doDispatch(DispatcherServlet.java:1105)
	at org.springframework.web.servlet.DispatcherServlet.doService(DispatcherServlet.java:978)
	at org.springframework.web.servlet.FrameworkServlet.processRequest(FrameworkServlet.java:1014)
	at org.springframework.web.servlet.FrameworkServlet.doGet(FrameworkServlet.java:903)
	at jakarta.servlet.http.HttpServlet.service(HttpServlet.java:564)
	at org.springframework.web.servlet.FrameworkServlet.service(FrameworkServlet.java:885)
	at jakarta.servlet.http.HttpServlet.service(HttpServlet.java:658)
	at org.apache.catalina.core.ApplicationFilterChain.internalDoFilter(ApplicationFilterChain.java:193)
	at org.apache.catalina.core.ApplicationFilterChain.doFilter(ApplicationFilterChain.java:138)
	at org.apache.tomcat.websocket.server.WsFilter.doFilter(WsFilter.java:51)
	at org.apache.catalina.core.ApplicationFilterChain.internalDoFilter(ApplicationFilterChain.java:162)
	at org.apache.catalina.core.ApplicationFilterChain.doFilter(ApplicationFilterChain.java:138)
	at com.regular.fileextensionblocker.filter.MdcFilter.doFilterInternal(MdcFilter.java:29)
	at org.springframework.web.filter.OncePerRequestFilter.doFilter(OncePerRequestFilter.java:116)
	at org.apache.catalina.core.ApplicationFilterChain.internalDoFilter(ApplicationFilterChain.java:162)
	at org.apache.catalina.core.ApplicationFilterChain.doFilter(ApplicationFilterChain.java:138)
	at org.springframework.web.filter.RequestContextFilter.doFilterInternal(RequestContextFilter.java:100)
	at org.springframework.web.filter.OncePerRequestFilter.doFilter(OncePerRequestFilter.java:116)
	at org.apache.catalina.core.ApplicationFilterChain.internalDoFilter(ApplicationFilterChain.java:162)
	at org.apache.catalina.core.ApplicationFilterChain.doFilter(ApplicationFilterChain.java:138)
	at org.springframework.web.filter.FormContentFilter.doFilterInternal(FormContentFilter.java:93)
	at org.springframework.web.filter.OncePerRequestFilter.doFilter(OncePerRequestFilter.java:116)
	at org.apache.catalina.core.ApplicationFilterChain.internalDoFilter(ApplicationFilterChain.java:162)
	at org.apache.catalina.core.ApplicationFilterChain.doFilter(ApplicationFilterChain.java:138)
	at org.springframework.boot.web.servlet.support.ErrorPageFilter.doFilter(ErrorPageFilter.java:124)
	at org.springframework.boot.web.servlet.support.ErrorPageFilter$1.doFilterInternal(ErrorPageFilter.java:99)
	at org.springframework.web.filter.OncePerRequestFilter.doFilter(OncePerRequestFilter.java:116)
	at org.springframework.boot.web.servlet.support.ErrorPageFilter.doFilter(ErrorPageFilter.java:117)
	at org.apache.catalina.core.ApplicationFilterChain.internalDoFilter(ApplicationFilterChain.java:162)
	at org.apache.catalina.core.ApplicationFilterChain.doFilter(ApplicationFilterChain.java:138)
	at org.springframework.web.filter.CharacterEncodingFilter.doFilterInternal(CharacterEncodingFilter.java:201)
	at org.springframework.web.filter.OncePerRequestFilter.doFilter(OncePerRequestFilter.java:116)
	at org.apache.catalina.core.ApplicationFilterChain.internalDoFilter(ApplicationFilterChain.java:162)
	at org.apache.catalina.core.ApplicationFilterChain.doFilter(ApplicationFilterChain.java:138)
	at org.apache.catalina.core.StandardWrapperValve.invoke(StandardWrapperValve.java:165)
	at org.apache.catalina.core.StandardContextValve.invoke(StandardContextValve.java:88)
	at org.apache.catalina.authenticator.AuthenticatorBase.invoke(AuthenticatorBase.java:482)
	at org.apache.catalina.core.StandardHostValve.invoke(StandardHostValve.java:113)
	at org.apache.catalina.valves.ErrorReportValve.invoke(ErrorReportValve.java:83)
	at org.apache.catalina.valves.AbstractAccessLogValve.invoke(AbstractAccessLogValve.java:654)
	at org.apache.catalina.core.StandardEngineValve.invoke(StandardEngineValve.java:72)
	at org.apache.catalina.connector.CoyoteAdapter.service(CoyoteAdapter.java:342)
	at org.apache.coyote.http11.Http11Processor.service(Http11Processor.java:399)
	at org.apache.coyote.AbstractProcessorLight.process(AbstractProcessorLight.java:63)
	at org.apache.coyote.AbstractProtocol$ConnectionHandler.process(AbstractProtocol.java:903)
	at org.apache.tomcat.util.net.NioEndpoint$SocketProcessor.doRun(NioEndpoint.java:1774)
	at org.apache.tomcat.util.net.SocketProcessorBase.run(SocketProcessorBase.java:52)
	at org.apache.tomcat.util.threads.ThreadPoolExecutor.runWorker(ThreadPoolExecutor.java:973)
	at org.apache.tomcat.util.threads.ThreadPoolExecutor$Worker.run(ThreadPoolExecutor.java:491)
	at org.apache.tomcat.util.threads.TaskThread$WrappingRunnable.run(TaskThread.java:63)
	at java.base/java.lang.Thread.run(Thread.java:840)
Caused by: java.lang.ClassNotFoundException: jakarta.servlet.jsp.jstl.core.LoopTag
	at org.apache.catalina.loader.WebappClassLoaderBase.loadClass(WebappClassLoaderBase.java:1377)
	at org.apache.catalina.loader.WebappClassLoaderBase.loadClass(WebappClassLoaderBase.java:1186)
	... 98 common frames omitted

2026-01-09 00:43:38.182  INFO 1 --- [main] c.r.f.FileExtensionBlockerApplication    : Starting FileExtensionBlockerApplication v0.0.1-SNAPSHOT using Java 17.0.17 with PID 1 (/usr/local/tomcat/webapps/ROOT/WEB-INF/classes started by root in /usr/local/tomcat)
2026-01-09 00:43:38.183 DEBUG 1 --- [main] c.r.f.FileExtensionBlockerApplication    : Running with Spring Boot v3.4.1, Spring v6.2.1
2026-01-09 00:43:38.184  INFO 1 --- [main] c.r.f.FileExtensionBlockerApplication    : The following 1 profile is active: "prod"
2026-01-09 00:43:38.477  INFO 1 --- [main] .s.d.r.c.RepositoryConfigurationDelegate : Bootstrapping Spring Data JPA repositories in DEFAULT mode.
2026-01-09 00:43:38.518  INFO 1 --- [main] .s.d.r.c.RepositoryConfigurationDelegate : Finished Spring Data repository scanning in 35 ms. Found 1 JPA repository interface.
2026-01-09 00:43:38.706  INFO 1 --- [main] w.s.c.ServletWebServerApplicationContext : Root WebApplicationContext: initialization completed in 511 ms
2026-01-09 00:43:38.877  INFO 1 --- [main] o.hibernate.jpa.internal.util.LogHelper  : HHH000204: Processing PersistenceUnitInfo [name: default]
2026-01-09 00:43:38.907  INFO 1 --- [main] org.hibernate.Version                    : HHH000412: Hibernate ORM core version 6.6.4.Final
2026-01-09 00:43:38.923  INFO 1 --- [main] o.h.c.internal.RegionFactoryInitiator    : HHH000026: Second-level cache disabled
2026-01-09 00:43:39.066  INFO 1 --- [main] o.s.o.j.p.SpringPersistenceUnitInfo      : No LoadTimeWeaver setup: ignoring JPA class transformer
2026-01-09 00:43:39.081  INFO 1 --- [main] com.zaxxer.hikari.HikariDataSource       : HikariPool-1 - Starting...
2026-01-09 00:43:39.160  INFO 1 --- [main] com.zaxxer.hikari.pool.HikariPool        : HikariPool-1 - Added connection com.mysql.cj.jdbc.ConnectionImpl@afef67
2026-01-09 00:43:39.162  INFO 1 --- [main] com.zaxxer.hikari.HikariDataSource       : HikariPool-1 - Start completed.
2026-01-09 00:43:39.200  INFO 1 --- [main] org.hibernate.orm.connections.pooling    : HHH10001005: Database info:
	Database JDBC URL [Connecting through datasource 'HikariDataSource (HikariPool-1)']
	Database driver: undefined/unknown
	Database version: 8.0.44
	Autocommit mode: undefined/unknown
	Isolation level: undefined/unknown
	Minimum pool size: undefined/unknown
	Maximum pool size: undefined/unknown
2026-01-09 00:43:39.566  INFO 1 --- [main] o.h.e.t.j.p.i.JtaPlatformInitiator       : HHH000489: No JTA platform available (set 'hibernate.transaction.jta.platform' to enable JTA platform integration)
2026-01-09 00:43:39.594  INFO 1 --- [main] j.LocalContainerEntityManagerFactoryBean : Initialized JPA EntityManagerFactory for persistence unit 'default'
2026-01-09 00:43:40.132  INFO 1 --- [main] c.r.f.FileExtensionBlockerApplication    : Started FileExtensionBlockerApplication in 2.198 seconds (process running for 3.558)
2026-01-09 00:43:40.207 DEBUG 1 --- [main] c.r.f.filter.MdcFilter                   : Filter 'mdcFilter' configured for use
2026-01-09 00:43:46.852  INFO 1 --- [http-nio-8080-exec-1] o.s.web.servlet.DispatcherServlet        : Initializing Servlet 'dispatcherServlet'
2026-01-09 00:43:46.854  INFO 1 --- [http-nio-8080-exec-1] o.s.web.servlet.DispatcherServlet        : Completed initialization in 1 ms
2026-01-09 00:43:47.847  INFO 1 --- [http-nio-8080-exec-2] c.r.f.aop.LoggingAspect                  : [FileExtensionPolicyService] getFixedPolicies starts with args: []
2026-01-09 00:43:47.874  INFO 1 --- [http-nio-8080-exec-2] c.r.f.aop.LoggingAspect                  : [FileExtensionPolicyService] getFixedPolicies finished in 26ms
2026-01-09 00:43:47.876  INFO 1 --- [http-nio-8080-exec-2] c.r.f.aop.LoggingAspect                  : [FileExtensionPolicyService] getCustomPolicies starts with args: []
2026-01-09 00:43:47.879  INFO 1 --- [http-nio-8080-exec-2] c.r.f.aop.LoggingAspect                  : [FileExtensionPolicyService] getCustomPolicies finished in 2ms
2026-01-09 00:43:49.274  INFO 1 --- [http-nio-8080-exec-3] c.r.f.aop.LoggingAspect                  : [ExtensionApiController] updateFixed starts with args: [1, UpdateFixedRequest[blocked=true]]
2026-01-09 00:43:49.275 TRACE 1 --- [http-nio-8080-exec-3] c.r.f.aop.LoggingAspect                  : [FileExtensionPolicyService] setFixedBlocked starts with args: [1, true]
2026-01-09 00:43:49.286 TRACE 1 --- [http-nio-8080-exec-3] c.r.f.aop.LoggingAspect                  : [FileExtensionPolicyService] setFixedBlocked finished in 10ms
2026-01-09 00:43:49.305  INFO 1 --- [http-nio-8080-exec-3] c.r.f.aop.LoggingAspect                  : [ExtensionApiController] updateFixed finished in 31ms
2026-01-09 00:43:50.122  INFO 1 --- [http-nio-8080-exec-4] c.r.f.aop.LoggingAspect                  : [FileExtensionPolicyService] getFixedPolicies starts with args: []
2026-01-09 00:43:50.134  INFO 1 --- [http-nio-8080-exec-4] c.r.f.aop.LoggingAspect                  : [FileExtensionPolicyService] getFixedPolicies finished in 11ms
2026-01-09 00:43:50.137  INFO 1 --- [http-nio-8080-exec-4] c.r.f.aop.LoggingAspect                  : [FileExtensionPolicyService] getCustomPolicies starts with args: []
2026-01-09 00:43:50.140  INFO 1 --- [http-nio-8080-exec-4] c.r.f.aop.LoggingAspect                  : [FileExtensionPolicyService] getCustomPolicies finished in 3ms
2026-01-09 00:43:53.378  INFO 1 --- [http-nio-8080-exec-5] c.r.f.aop.LoggingAspect                  : [FileExtensionPolicyService] getFixedPolicies starts with args: []
2026-01-09 00:43:53.382  INFO 1 --- [http-nio-8080-exec-5] c.r.f.aop.LoggingAspect                  : [FileExtensionPolicyService] getFixedPolicies finished in 4ms
2026-01-09 00:43:53.383  INFO 1 --- [http-nio-8080-exec-5] c.r.f.aop.LoggingAspect                  : [FileExtensionPolicyService] getCustomPolicies starts with args: []
2026-01-09 00:43:53.385  INFO 1 --- [http-nio-8080-exec-5] c.r.f.aop.LoggingAspect                  : [FileExtensionPolicyService] getCustomPolicies finished in 1ms
2026-01-09 00:43:58.162  INFO 1 --- [http-nio-8080-exec-6] c.r.f.aop.LoggingAspect                  : [ExtensionApiController] addCustom starts with args: [AddCustomRequest[name=qwer]]
2026-01-09 00:43:58.164  INFO 1 --- [http-nio-8080-exec-6] c.r.f.aop.LoggingAspect                  : [FileExtensionPolicyService] addCustomExtension starts with args: [qwer]
2026-01-09 00:43:58.184  INFO 1 --- [http-nio-8080-exec-6] c.r.f.aop.LoggingAspect                  : [FileExtensionPolicyService] addCustomExtension finished in 20ms
2026-01-09 00:43:58.187  INFO 1 --- [http-nio-8080-exec-6] c.r.f.aop.LoggingAspect                  : [ExtensionApiController] addCustom finished in 25ms
2026-01-09 00:44:20.291  INFO 1 --- [http-nio-8080-exec-9] c.r.f.aop.LoggingAspect                  : [ExtensionApiController] uploadCheck starts with args: [org.springframework.web.multipart.support.StandardMultipartHttpServletRequest$StandardMultipartFile@3eb56c38]
2026-01-09 00:44:20.293 TRACE 1 --- [http-nio-8080-exec-9] c.r.f.aop.LoggingAspect                  : [FileExtensionPolicyService] isBlocked starts with args: [bat]
2026-01-09 00:44:20.297 TRACE 1 --- [http-nio-8080-exec-9] c.r.f.aop.LoggingAspect                  : [FileExtensionPolicyService] isBlocked finished in 4ms
2026-01-09 00:44:20.298  INFO 1 --- [http-nio-8080-exec-9] c.r.f.aop.LoggingAspect                  : [ExtensionApiController] uploadCheck finished in 6ms
2026-01-09 00:48:33.046  INFO 1 --- [http-nio-8080-exec-1] c.r.f.aop.LoggingAspect                  : [FileExtensionPolicyService] getFixedPolicies starts with args: []
2026-01-09 00:48:33.056  INFO 1 --- [http-nio-8080-exec-1] c.r.f.aop.LoggingAspect                  : [FileExtensionPolicyService] getFixedPolicies finished in 8ms
2026-01-09 00:48:33.058  INFO 1 --- [http-nio-8080-exec-1] c.r.f.aop.LoggingAspect                  : [FileExtensionPolicyService] getCustomPolicies starts with args: []
2026-01-09 00:48:33.061  INFO 1 --- [http-nio-8080-exec-1] c.r.f.aop.LoggingAspect                  : [FileExtensionPolicyService] getCustomPolicies finished in 3ms
2026-01-09 00:48:33.863  INFO 1 --- [http-nio-8080-exec-2] c.r.f.aop.LoggingAspect                  : [FileExtensionPolicyService] getFixedPolicies starts with args: []
2026-01-09 00:48:33.871  INFO 1 --- [http-nio-8080-exec-2] c.r.f.aop.LoggingAspect                  : [FileExtensionPolicyService] getFixedPolicies finished in 7ms
2026-01-09 00:48:33.881  INFO 1 --- [http-nio-8080-exec-2] c.r.f.aop.LoggingAspect                  : [FileExtensionPolicyService] getCustomPolicies starts with args: []
2026-01-09 00:48:33.887  INFO 1 --- [http-nio-8080-exec-2] c.r.f.aop.LoggingAspect                  : [FileExtensionPolicyService] getCustomPolicies finished in 5ms
2026-01-09 00:48:34.182  INFO 1 --- [http-nio-8080-exec-3] c.r.f.aop.LoggingAspect                  : [FileExtensionPolicyService] getFixedPolicies starts with args: []
2026-01-09 00:48:34.189  INFO 1 --- [http-nio-8080-exec-3] c.r.f.aop.LoggingAspect                  : [FileExtensionPolicyService] getFixedPolicies finished in 7ms
2026-01-09 00:48:34.193  INFO 1 --- [http-nio-8080-exec-3] c.r.f.aop.LoggingAspect                  : [FileExtensionPolicyService] getCustomPolicies starts with args: []
2026-01-09 00:48:34.198  INFO 1 --- [http-nio-8080-exec-3] c.r.f.aop.LoggingAspect                  : [FileExtensionPolicyService] getCustomPolicies finished in 5ms
2026-01-09 00:48:34.415  INFO 1 --- [http-nio-8080-exec-4] c.r.f.aop.LoggingAspect                  : [FileExtensionPolicyService] getFixedPolicies starts with args: []
2026-01-09 00:48:34.422  INFO 1 --- [http-nio-8080-exec-4] c.r.f.aop.LoggingAspect                  : [FileExtensionPolicyService] getFixedPolicies finished in 7ms
2026-01-09 00:48:34.425  INFO 1 --- [http-nio-8080-exec-4] c.r.f.aop.LoggingAspect                  : [FileExtensionPolicyService] getCustomPolicies starts with args: []
2026-01-09 00:48:34.430  INFO 1 --- [http-nio-8080-exec-4] c.r.f.aop.LoggingAspect                  : [FileExtensionPolicyService] getCustomPolicies finished in 4ms
2026-01-09 00:54:54.533  INFO 1 --- [main] c.r.f.FileExtensionBlockerApplication    : Starting FileExtensionBlockerApplication v0.0.1-SNAPSHOT using Java 17.0.17 with PID 1 (/usr/local/tomcat/webapps/ROOT/WEB-INF/classes started by root in /usr/local/tomcat)
2026-01-09 00:54:54.535 DEBUG 1 --- [main] c.r.f.FileExtensionBlockerApplication    : Running with Spring Boot v3.4.1, Spring v6.2.1
2026-01-09 00:54:54.535  INFO 1 --- [main] c.r.f.FileExtensionBlockerApplication    : The following 1 profile is active: "prod"
2026-01-09 00:54:54.814  INFO 1 --- [main] .s.d.r.c.RepositoryConfigurationDelegate : Bootstrapping Spring Data JPA repositories in DEFAULT mode.
2026-01-09 00:54:54.850  INFO 1 --- [main] .s.d.r.c.RepositoryConfigurationDelegate : Finished Spring Data repository scanning in 31 ms. Found 1 JPA repository interface.
2026-01-09 00:54:55.138  INFO 1 --- [main] w.s.c.ServletWebServerApplicationContext : Root WebApplicationContext: initialization completed in 593 ms
2026-01-09 00:54:55.399  INFO 1 --- [main] o.hibernate.jpa.internal.util.LogHelper  : HHH000204: Processing PersistenceUnitInfo [name: default]
2026-01-09 00:54:55.431  INFO 1 --- [main] org.hibernate.Version                    : HHH000412: Hibernate ORM core version 6.6.4.Final
2026-01-09 00:54:55.453  INFO 1 --- [main] o.h.c.internal.RegionFactoryInitiator    : HHH000026: Second-level cache disabled
2026-01-09 00:54:55.601  INFO 1 --- [main] o.s.o.j.p.SpringPersistenceUnitInfo      : No LoadTimeWeaver setup: ignoring JPA class transformer
2026-01-09 00:54:55.619  INFO 1 --- [main] com.zaxxer.hikari.HikariDataSource       : HikariPool-1 - Starting...
2026-01-09 00:54:55.726  INFO 1 --- [main] com.zaxxer.hikari.pool.HikariPool        : HikariPool-1 - Added connection com.mysql.cj.jdbc.ConnectionImpl@853050d
2026-01-09 00:54:55.728  INFO 1 --- [main] com.zaxxer.hikari.HikariDataSource       : HikariPool-1 - Start completed.
2026-01-09 00:54:55.782  INFO 1 --- [main] org.hibernate.orm.connections.pooling    : HHH10001005: Database info:
	Database JDBC URL [Connecting through datasource 'HikariDataSource (HikariPool-1)']
	Database driver: undefined/unknown
	Database version: 8.0.44
	Autocommit mode: undefined/unknown
	Isolation level: undefined/unknown
	Minimum pool size: undefined/unknown
	Maximum pool size: undefined/unknown
2026-01-09 00:54:56.176  INFO 1 --- [main] o.h.e.t.j.p.i.JtaPlatformInitiator       : HHH000489: No JTA platform available (set 'hibernate.transaction.jta.platform' to enable JTA platform integration)
2026-01-09 00:54:56.203  INFO 1 --- [main] j.LocalContainerEntityManagerFactoryBean : Initialized JPA EntityManagerFactory for persistence unit 'default'
2026-01-09 00:54:56.744  INFO 1 --- [main] c.r.f.FileExtensionBlockerApplication    : Started FileExtensionBlockerApplication in 2.449 seconds (process running for 3.975)
2026-01-09 00:54:56.817 DEBUG 1 --- [main] c.r.f.filter.MdcFilter                   : Filter 'mdcFilter' configured for use
2026-01-09 00:54:57.170  INFO 1 --- [http-nio-8080-exec-1] o.s.web.servlet.DispatcherServlet        : Initializing Servlet 'dispatcherServlet'
2026-01-09 00:54:57.172  INFO 1 --- [http-nio-8080-exec-1] o.s.web.servlet.DispatcherServlet        : Completed initialization in 1 ms
2026-01-09 00:54:57.204  INFO 1 --- [http-nio-8080-exec-1] c.r.f.aop.LoggingAspect                  : [FileExtensionPolicyService] getFixedPolicies starts with args: []
2026-01-09 00:54:57.223  INFO 1 --- [http-nio-8080-exec-1] c.r.f.aop.LoggingAspect                  : [FileExtensionPolicyService] getFixedPolicies finished in 19ms
2026-01-09 00:54:57.226  INFO 1 --- [http-nio-8080-exec-1] c.r.f.aop.LoggingAspect                  : [FileExtensionPolicyService] getCustomPolicies starts with args: []
2026-01-09 00:54:57.230  INFO 1 --- [http-nio-8080-exec-1] c.r.f.aop.LoggingAspect                  : [FileExtensionPolicyService] getCustomPolicies finished in 4ms
2026-01-09 00:54:58.424  INFO 1 --- [http-nio-8080-exec-2] c.r.f.aop.LoggingAspect                  : [FileExtensionPolicyService] getFixedPolicies starts with args: []
2026-01-09 00:54:58.433  INFO 1 --- [http-nio-8080-exec-2] c.r.f.aop.LoggingAspect                  : [FileExtensionPolicyService] getFixedPolicies finished in 7ms
2026-01-09 00:54:58.436  INFO 1 --- [http-nio-8080-exec-2] c.r.f.aop.LoggingAspect                  : [FileExtensionPolicyService] getCustomPolicies starts with args: []
2026-01-09 00:54:58.442  INFO 1 --- [http-nio-8080-exec-2] c.r.f.aop.LoggingAspect                  : [FileExtensionPolicyService] getCustomPolicies finished in 5ms
2026-01-09 00:54:59.226  INFO 1 --- [http-nio-8080-exec-3] c.r.f.aop.LoggingAspect                  : [FileExtensionPolicyService] getFixedPolicies starts with args: []
2026-01-09 00:54:59.235  INFO 1 --- [http-nio-8080-exec-3] c.r.f.aop.LoggingAspect                  : [FileExtensionPolicyService] getFixedPolicies finished in 8ms
2026-01-09 00:54:59.240  INFO 1 --- [http-nio-8080-exec-3] c.r.f.aop.LoggingAspect                  : [FileExtensionPolicyService] getCustomPolicies starts with args: []
2026-01-09 00:54:59.245  INFO 1 --- [http-nio-8080-exec-3] c.r.f.aop.LoggingAspect                  : [FileExtensionPolicyService] getCustomPolicies finished in 4ms
2026-01-09 00:55:00.490  INFO 1 --- [http-nio-8080-exec-4] c.r.f.aop.LoggingAspect                  : [FileExtensionPolicyService] getFixedPolicies starts with args: []
2026-01-09 00:55:00.498  INFO 1 --- [http-nio-8080-exec-4] c.r.f.aop.LoggingAspect                  : [FileExtensionPolicyService] getFixedPolicies finished in 8ms
2026-01-09 00:55:00.502  INFO 1 --- [http-nio-8080-exec-4] c.r.f.aop.LoggingAspect                  : [FileExtensionPolicyService] getCustomPolicies starts with args: []
2026-01-09 00:55:00.507  INFO 1 --- [http-nio-8080-exec-4] c.r.f.aop.LoggingAspect                  : [FileExtensionPolicyService] getCustomPolicies finished in 4ms
